
*** Running vivado
    with args -log design_1_xbar_0.vds -m64 -product Vivado -mode batch -messageDb vivado.pb -notrace -source design_1_xbar_0.tcl



****** Vivado v2021.1 (64-bit)
  **** SW Build 3247384 on Thu Jun 10 19:36:33 MDT 2021
  **** IP Build 3246043 on Fri Jun 11 00:30:35 MDT 2021
    ** Copyright 1986-2021 Xilinx, Inc. All Rights Reserved.

Sourcing tcl script 'C:/Users/zhangjl/AppData/Roaming/Xilinx/Vivado/Vivado_init.tcl'
source design_1_xbar_0.tcl -notrace
INFO: [IP_Flow 19-234] Refreshing IP repositories
INFO: [IP_Flow 19-1700] Loaded user IP repository 'c:/100-Working/105-Working-improvement/github_lib/k7_neorv32/ip/uisrc'.
INFO: [IP_Flow 19-2313] Loaded Vivado IP repository 'C:/Software/Xilinx/Vivado/2021.1/data/ip'.
WARNING: [IP_Flow 19-4995] The host OS only allows 260 characters in a normal path. The IP cache path is more than 80 characters. If you experience issues with IP caching, please consider changing the IP cache to a location with a shorter path. Alternately consider using the OS subst command to map part of the path to a drive letter. 
Current IP cache path is c:/100-Working/105-Working-improvement/github_lib/k7_neorv32/k7_dma/k7_dma.cache/ip 
Command: synth_design -top design_1_xbar_0 -part xc7k325tffg676-2 -mode out_of_context
Starting synth_design
Attempting to get a license for feature 'Synthesis' and/or device 'xc7k325t'
INFO: [Common 17-349] Got license for feature 'Synthesis' and/or device 'xc7k325t'
INFO: [Device 21-403] Loading part xc7k325tffg676-2
INFO: [Synth 8-7079] Multithreading enabled for synth_design using a maximum of 2 processes.
INFO: [Synth 8-7078] Launching helper process for spawning children vivado processes
INFO: [Synth 8-7075] Helper process launched with PID 37020
---------------------------------------------------------------------------------
Starting RTL Elaboration : Time (s): cpu = 00:00:09 ; elapsed = 00:00:11 . Memory (MB): peak = 1229.703 ; gain = 0.000
---------------------------------------------------------------------------------
INFO: [Synth 8-6157] synthesizing module 'design_1_xbar_0' [c:/100-Working/105-Working-improvement/github_lib/k7_neorv32/k7_dma/k7_dma.gen/sources_1/bd/design_1/ip/design_1_xbar_0/synth/design_1_xbar_0.v:59]
INFO: [Synth 8-6157] synthesizing module 'axi_crossbar_v2_1_25_axi_crossbar' [c:/100-Working/105-Working-improvement/github_lib/k7_neorv32/k7_dma/k7_dma.gen/sources_1/bd/design_1/ipshared/3917/hdl/axi_crossbar_v2_1_vl_rfs.v:4884]
INFO: [Synth 8-6157] synthesizing module 'axi_crossbar_v2_1_25_crossbar' [c:/100-Working/105-Working-improvement/github_lib/k7_neorv32/k7_dma/k7_dma.gen/sources_1/bd/design_1/ipshared/3917/hdl/axi_crossbar_v2_1_vl_rfs.v:2239]
INFO: [Synth 8-6157] synthesizing module 'axi_crossbar_v2_1_25_si_transactor' [c:/100-Working/105-Working-improvement/github_lib/k7_neorv32/k7_dma/k7_dma.gen/sources_1/bd/design_1/ipshared/3917/hdl/axi_crossbar_v2_1_vl_rfs.v:3800]
INFO: [Synth 8-6157] synthesizing module 'axi_crossbar_v2_1_25_addr_decoder' [c:/100-Working/105-Working-improvement/github_lib/k7_neorv32/k7_dma/k7_dma.gen/sources_1/bd/design_1/ipshared/3917/hdl/axi_crossbar_v2_1_vl_rfs.v:794]
INFO: [Synth 8-6157] synthesizing module 'generic_baseblocks_v2_1_0_comparator_static' [c:/100-Working/105-Working-improvement/github_lib/k7_neorv32/k7_dma/k7_dma.gen/sources_1/bd/design_1/ipshared/b752/hdl/generic_baseblocks_v2_1_vl_rfs.v:2133]
INFO: [Synth 8-6157] synthesizing module 'generic_baseblocks_v2_1_0_carry_and' [c:/100-Working/105-Working-improvement/github_lib/k7_neorv32/k7_dma/k7_dma.gen/sources_1/bd/design_1/ipshared/b752/hdl/generic_baseblocks_v2_1_vl_rfs.v:62]
INFO: [Synth 8-6155] done synthesizing module 'generic_baseblocks_v2_1_0_carry_and' (1#1) [c:/100-Working/105-Working-improvement/github_lib/k7_neorv32/k7_dma/k7_dma.gen/sources_1/bd/design_1/ipshared/b752/hdl/generic_baseblocks_v2_1_vl_rfs.v:62]
INFO: [Synth 8-6155] done synthesizing module 'generic_baseblocks_v2_1_0_comparator_static' (2#1) [c:/100-Working/105-Working-improvement/github_lib/k7_neorv32/k7_dma/k7_dma.gen/sources_1/bd/design_1/ipshared/b752/hdl/generic_baseblocks_v2_1_vl_rfs.v:2133]
INFO: [Synth 8-6155] done synthesizing module 'axi_crossbar_v2_1_25_addr_decoder' (3#1) [c:/100-Working/105-Working-improvement/github_lib/k7_neorv32/k7_dma/k7_dma.gen/sources_1/bd/design_1/ipshared/3917/hdl/axi_crossbar_v2_1_vl_rfs.v:794]
INFO: [Synth 8-6157] synthesizing module 'axi_data_fifo_v2_1_23_axic_srl_fifo' [c:/100-Working/105-Working-improvement/github_lib/k7_neorv32/k7_dma/k7_dma.gen/sources_1/bd/design_1/ipshared/94ec/hdl/axi_data_fifo_v2_1_vl_rfs.v:698]
INFO: [Synth 8-6157] synthesizing module 'axi_data_fifo_v2_1_23_ndeep_srl' [c:/100-Working/105-Working-improvement/github_lib/k7_neorv32/k7_dma/k7_dma.gen/sources_1/bd/design_1/ipshared/94ec/hdl/axi_data_fifo_v2_1_vl_rfs.v:1135]
INFO: [Synth 8-6157] synthesizing module 'SRLC32E' [C:/Software/Xilinx/Vivado/2021.1/scripts/rt/data/unisim_comp.v:101111]
INFO: [Synth 8-6155] done synthesizing module 'SRLC32E' (4#1) [C:/Software/Xilinx/Vivado/2021.1/scripts/rt/data/unisim_comp.v:101111]
INFO: [Synth 8-6155] done synthesizing module 'axi_data_fifo_v2_1_23_ndeep_srl' (5#1) [c:/100-Working/105-Working-improvement/github_lib/k7_neorv32/k7_dma/k7_dma.gen/sources_1/bd/design_1/ipshared/94ec/hdl/axi_data_fifo_v2_1_vl_rfs.v:1135]
INFO: [Synth 8-6155] done synthesizing module 'axi_data_fifo_v2_1_23_axic_srl_fifo' (6#1) [c:/100-Working/105-Working-improvement/github_lib/k7_neorv32/k7_dma/k7_dma.gen/sources_1/bd/design_1/ipshared/94ec/hdl/axi_data_fifo_v2_1_vl_rfs.v:698]
INFO: [Synth 8-6157] synthesizing module 'generic_baseblocks_v2_1_0_mux_enc' [c:/100-Working/105-Working-improvement/github_lib/k7_neorv32/k7_dma/k7_dma.gen/sources_1/bd/design_1/ipshared/b752/hdl/generic_baseblocks_v2_1_vl_rfs.v:2452]
INFO: [Synth 8-6155] done synthesizing module 'generic_baseblocks_v2_1_0_mux_enc' (7#1) [c:/100-Working/105-Working-improvement/github_lib/k7_neorv32/k7_dma/k7_dma.gen/sources_1/bd/design_1/ipshared/b752/hdl/generic_baseblocks_v2_1_vl_rfs.v:2452]
INFO: [Synth 8-6155] done synthesizing module 'axi_crossbar_v2_1_25_si_transactor' (8#1) [c:/100-Working/105-Working-improvement/github_lib/k7_neorv32/k7_dma/k7_dma.gen/sources_1/bd/design_1/ipshared/3917/hdl/axi_crossbar_v2_1_vl_rfs.v:3800]
INFO: [Synth 8-6157] synthesizing module 'axi_crossbar_v2_1_25_si_transactor__parameterized0' [c:/100-Working/105-Working-improvement/github_lib/k7_neorv32/k7_dma/k7_dma.gen/sources_1/bd/design_1/ipshared/3917/hdl/axi_crossbar_v2_1_vl_rfs.v:3800]
INFO: [Synth 8-6157] synthesizing module 'generic_baseblocks_v2_1_0_mux_enc__parameterized0' [c:/100-Working/105-Working-improvement/github_lib/k7_neorv32/k7_dma/k7_dma.gen/sources_1/bd/design_1/ipshared/b752/hdl/generic_baseblocks_v2_1_vl_rfs.v:2452]
INFO: [Synth 8-6155] done synthesizing module 'generic_baseblocks_v2_1_0_mux_enc__parameterized0' (8#1) [c:/100-Working/105-Working-improvement/github_lib/k7_neorv32/k7_dma/k7_dma.gen/sources_1/bd/design_1/ipshared/b752/hdl/generic_baseblocks_v2_1_vl_rfs.v:2452]
INFO: [Synth 8-6155] done synthesizing module 'axi_crossbar_v2_1_25_si_transactor__parameterized0' (8#1) [c:/100-Working/105-Working-improvement/github_lib/k7_neorv32/k7_dma/k7_dma.gen/sources_1/bd/design_1/ipshared/3917/hdl/axi_crossbar_v2_1_vl_rfs.v:3800]
INFO: [Synth 8-6157] synthesizing module 'axi_crossbar_v2_1_25_splitter' [c:/100-Working/105-Working-improvement/github_lib/k7_neorv32/k7_dma/k7_dma.gen/sources_1/bd/design_1/ipshared/3917/hdl/axi_crossbar_v2_1_vl_rfs.v:4461]
INFO: [Synth 8-6155] done synthesizing module 'axi_crossbar_v2_1_25_splitter' (9#1) [c:/100-Working/105-Working-improvement/github_lib/k7_neorv32/k7_dma/k7_dma.gen/sources_1/bd/design_1/ipshared/3917/hdl/axi_crossbar_v2_1_vl_rfs.v:4461]
INFO: [Synth 8-6157] synthesizing module 'axi_crossbar_v2_1_25_wdata_router' [c:/100-Working/105-Working-improvement/github_lib/k7_neorv32/k7_dma/k7_dma.gen/sources_1/bd/design_1/ipshared/3917/hdl/axi_crossbar_v2_1_vl_rfs.v:4736]
INFO: [Synth 8-6157] synthesizing module 'axi_data_fifo_v2_1_23_axic_reg_srl_fifo' [c:/100-Working/105-Working-improvement/github_lib/k7_neorv32/k7_dma/k7_dma.gen/sources_1/bd/design_1/ipshared/94ec/hdl/axi_data_fifo_v2_1_vl_rfs.v:889]
INFO: [Synth 8-155] case statement is not full and has no default [c:/100-Working/105-Working-improvement/github_lib/k7_neorv32/k7_dma/k7_dma.gen/sources_1/bd/design_1/ipshared/94ec/hdl/axi_data_fifo_v2_1_vl_rfs.v:986]
INFO: [Synth 8-6155] done synthesizing module 'axi_data_fifo_v2_1_23_axic_reg_srl_fifo' (10#1) [c:/100-Working/105-Working-improvement/github_lib/k7_neorv32/k7_dma/k7_dma.gen/sources_1/bd/design_1/ipshared/94ec/hdl/axi_data_fifo_v2_1_vl_rfs.v:889]
INFO: [Synth 8-6155] done synthesizing module 'axi_crossbar_v2_1_25_wdata_router' (11#1) [c:/100-Working/105-Working-improvement/github_lib/k7_neorv32/k7_dma/k7_dma.gen/sources_1/bd/design_1/ipshared/3917/hdl/axi_crossbar_v2_1_vl_rfs.v:4736]
INFO: [Synth 8-6157] synthesizing module 'axi_crossbar_v2_1_25_si_transactor__parameterized1' [c:/100-Working/105-Working-improvement/github_lib/k7_neorv32/k7_dma/k7_dma.gen/sources_1/bd/design_1/ipshared/3917/hdl/axi_crossbar_v2_1_vl_rfs.v:3800]
INFO: [Synth 8-6155] done synthesizing module 'axi_crossbar_v2_1_25_si_transactor__parameterized1' (11#1) [c:/100-Working/105-Working-improvement/github_lib/k7_neorv32/k7_dma/k7_dma.gen/sources_1/bd/design_1/ipshared/3917/hdl/axi_crossbar_v2_1_vl_rfs.v:3800]
INFO: [Synth 8-6157] synthesizing module 'axi_crossbar_v2_1_25_si_transactor__parameterized2' [c:/100-Working/105-Working-improvement/github_lib/k7_neorv32/k7_dma/k7_dma.gen/sources_1/bd/design_1/ipshared/3917/hdl/axi_crossbar_v2_1_vl_rfs.v:3800]
INFO: [Synth 8-6155] done synthesizing module 'axi_crossbar_v2_1_25_si_transactor__parameterized2' (11#1) [c:/100-Working/105-Working-improvement/github_lib/k7_neorv32/k7_dma/k7_dma.gen/sources_1/bd/design_1/ipshared/3917/hdl/axi_crossbar_v2_1_vl_rfs.v:3800]
INFO: [Synth 8-6157] synthesizing module 'axi_crossbar_v2_1_25_si_transactor__parameterized3' [c:/100-Working/105-Working-improvement/github_lib/k7_neorv32/k7_dma/k7_dma.gen/sources_1/bd/design_1/ipshared/3917/hdl/axi_crossbar_v2_1_vl_rfs.v:3800]
INFO: [Synth 8-6155] done synthesizing module 'axi_crossbar_v2_1_25_si_transactor__parameterized3' (11#1) [c:/100-Working/105-Working-improvement/github_lib/k7_neorv32/k7_dma/k7_dma.gen/sources_1/bd/design_1/ipshared/3917/hdl/axi_crossbar_v2_1_vl_rfs.v:3800]
INFO: [Synth 8-6157] synthesizing module 'axi_crossbar_v2_1_25_si_transactor__parameterized4' [c:/100-Working/105-Working-improvement/github_lib/k7_neorv32/k7_dma/k7_dma.gen/sources_1/bd/design_1/ipshared/3917/hdl/axi_crossbar_v2_1_vl_rfs.v:3800]
INFO: [Synth 8-6155] done synthesizing module 'axi_crossbar_v2_1_25_si_transactor__parameterized4' (11#1) [c:/100-Working/105-Working-improvement/github_lib/k7_neorv32/k7_dma/k7_dma.gen/sources_1/bd/design_1/ipshared/3917/hdl/axi_crossbar_v2_1_vl_rfs.v:3800]
INFO: [Synth 8-6157] synthesizing module 'axi_crossbar_v2_1_25_si_transactor__parameterized5' [c:/100-Working/105-Working-improvement/github_lib/k7_neorv32/k7_dma/k7_dma.gen/sources_1/bd/design_1/ipshared/3917/hdl/axi_crossbar_v2_1_vl_rfs.v:3800]
INFO: [Synth 8-6155] done synthesizing module 'axi_crossbar_v2_1_25_si_transactor__parameterized5' (11#1) [c:/100-Working/105-Working-improvement/github_lib/k7_neorv32/k7_dma/k7_dma.gen/sources_1/bd/design_1/ipshared/3917/hdl/axi_crossbar_v2_1_vl_rfs.v:3800]
INFO: [Synth 8-6157] synthesizing module 'axi_crossbar_v2_1_25_si_transactor__parameterized6' [c:/100-Working/105-Working-improvement/github_lib/k7_neorv32/k7_dma/k7_dma.gen/sources_1/bd/design_1/ipshared/3917/hdl/axi_crossbar_v2_1_vl_rfs.v:3800]
INFO: [Synth 8-6155] done synthesizing module 'axi_crossbar_v2_1_25_si_transactor__parameterized6' (11#1) [c:/100-Working/105-Working-improvement/github_lib/k7_neorv32/k7_dma/k7_dma.gen/sources_1/bd/design_1/ipshared/3917/hdl/axi_crossbar_v2_1_vl_rfs.v:3800]
INFO: [Synth 8-6157] synthesizing module 'axi_crossbar_v2_1_25_addr_decoder__parameterized0' [c:/100-Working/105-Working-improvement/github_lib/k7_neorv32/k7_dma/k7_dma.gen/sources_1/bd/design_1/ipshared/3917/hdl/axi_crossbar_v2_1_vl_rfs.v:794]
INFO: [Synth 8-6157] synthesizing module 'generic_baseblocks_v2_1_0_comparator_static__parameterized0' [c:/100-Working/105-Working-improvement/github_lib/k7_neorv32/k7_dma/k7_dma.gen/sources_1/bd/design_1/ipshared/b752/hdl/generic_baseblocks_v2_1_vl_rfs.v:2133]
INFO: [Synth 8-6155] done synthesizing module 'generic_baseblocks_v2_1_0_comparator_static__parameterized0' (11#1) [c:/100-Working/105-Working-improvement/github_lib/k7_neorv32/k7_dma/k7_dma.gen/sources_1/bd/design_1/ipshared/b752/hdl/generic_baseblocks_v2_1_vl_rfs.v:2133]
INFO: [Synth 8-6157] synthesizing module 'generic_baseblocks_v2_1_0_comparator_static__parameterized1' [c:/100-Working/105-Working-improvement/github_lib/k7_neorv32/k7_dma/k7_dma.gen/sources_1/bd/design_1/ipshared/b752/hdl/generic_baseblocks_v2_1_vl_rfs.v:2133]
INFO: [Synth 8-6155] done synthesizing module 'generic_baseblocks_v2_1_0_comparator_static__parameterized1' (11#1) [c:/100-Working/105-Working-improvement/github_lib/k7_neorv32/k7_dma/k7_dma.gen/sources_1/bd/design_1/ipshared/b752/hdl/generic_baseblocks_v2_1_vl_rfs.v:2133]
INFO: [Synth 8-6157] synthesizing module 'generic_baseblocks_v2_1_0_comparator_static__parameterized2' [c:/100-Working/105-Working-improvement/github_lib/k7_neorv32/k7_dma/k7_dma.gen/sources_1/bd/design_1/ipshared/b752/hdl/generic_baseblocks_v2_1_vl_rfs.v:2133]
INFO: [Synth 8-6155] done synthesizing module 'generic_baseblocks_v2_1_0_comparator_static__parameterized2' (11#1) [c:/100-Working/105-Working-improvement/github_lib/k7_neorv32/k7_dma/k7_dma.gen/sources_1/bd/design_1/ipshared/b752/hdl/generic_baseblocks_v2_1_vl_rfs.v:2133]
INFO: [Synth 8-6157] synthesizing module 'generic_baseblocks_v2_1_0_comparator_static__parameterized3' [c:/100-Working/105-Working-improvement/github_lib/k7_neorv32/k7_dma/k7_dma.gen/sources_1/bd/design_1/ipshared/b752/hdl/generic_baseblocks_v2_1_vl_rfs.v:2133]
INFO: [Synth 8-6155] done synthesizing module 'generic_baseblocks_v2_1_0_comparator_static__parameterized3' (11#1) [c:/100-Working/105-Working-improvement/github_lib/k7_neorv32/k7_dma/k7_dma.gen/sources_1/bd/design_1/ipshared/b752/hdl/generic_baseblocks_v2_1_vl_rfs.v:2133]
INFO: [Synth 8-6155] done synthesizing module 'axi_crossbar_v2_1_25_addr_decoder__parameterized0' (11#1) [c:/100-Working/105-Working-improvement/github_lib/k7_neorv32/k7_dma/k7_dma.gen/sources_1/bd/design_1/ipshared/3917/hdl/axi_crossbar_v2_1_vl_rfs.v:794]
INFO: [Synth 8-6157] synthesizing module 'axi_data_fifo_v2_1_23_axic_srl_fifo__parameterized0' [c:/100-Working/105-Working-improvement/github_lib/k7_neorv32/k7_dma/k7_dma.gen/sources_1/bd/design_1/ipshared/94ec/hdl/axi_data_fifo_v2_1_vl_rfs.v:698]
INFO: [Synth 8-6157] synthesizing module 'axi_data_fifo_v2_1_23_ndeep_srl__parameterized0' [c:/100-Working/105-Working-improvement/github_lib/k7_neorv32/k7_dma/k7_dma.gen/sources_1/bd/design_1/ipshared/94ec/hdl/axi_data_fifo_v2_1_vl_rfs.v:1135]
INFO: [Synth 8-6155] done synthesizing module 'axi_data_fifo_v2_1_23_ndeep_srl__parameterized0' (11#1) [c:/100-Working/105-Working-improvement/github_lib/k7_neorv32/k7_dma/k7_dma.gen/sources_1/bd/design_1/ipshared/94ec/hdl/axi_data_fifo_v2_1_vl_rfs.v:1135]
INFO: [Synth 8-6155] done synthesizing module 'axi_data_fifo_v2_1_23_axic_srl_fifo__parameterized0' (11#1) [c:/100-Working/105-Working-improvement/github_lib/k7_neorv32/k7_dma/k7_dma.gen/sources_1/bd/design_1/ipshared/94ec/hdl/axi_data_fifo_v2_1_vl_rfs.v:698]
INFO: [Synth 8-6157] synthesizing module 'axi_crossbar_v2_1_25_wdata_mux' [c:/100-Working/105-Working-improvement/github_lib/k7_neorv32/k7_dma/k7_dma.gen/sources_1/bd/design_1/ipshared/3917/hdl/axi_crossbar_v2_1_vl_rfs.v:4561]
INFO: [Synth 8-6157] synthesizing module 'axi_data_fifo_v2_1_23_axic_reg_srl_fifo__parameterized0' [c:/100-Working/105-Working-improvement/github_lib/k7_neorv32/k7_dma/k7_dma.gen/sources_1/bd/design_1/ipshared/94ec/hdl/axi_data_fifo_v2_1_vl_rfs.v:889]
INFO: [Synth 8-155] case statement is not full and has no default [c:/100-Working/105-Working-improvement/github_lib/k7_neorv32/k7_dma/k7_dma.gen/sources_1/bd/design_1/ipshared/94ec/hdl/axi_data_fifo_v2_1_vl_rfs.v:986]
INFO: [Synth 8-6155] done synthesizing module 'axi_data_fifo_v2_1_23_axic_reg_srl_fifo__parameterized0' (11#1) [c:/100-Working/105-Working-improvement/github_lib/k7_neorv32/k7_dma/k7_dma.gen/sources_1/bd/design_1/ipshared/94ec/hdl/axi_data_fifo_v2_1_vl_rfs.v:889]
INFO: [Synth 8-6157] synthesizing module 'generic_baseblocks_v2_1_0_mux_enc__parameterized1' [c:/100-Working/105-Working-improvement/github_lib/k7_neorv32/k7_dma/k7_dma.gen/sources_1/bd/design_1/ipshared/b752/hdl/generic_baseblocks_v2_1_vl_rfs.v:2452]
INFO: [Synth 8-6155] done synthesizing module 'generic_baseblocks_v2_1_0_mux_enc__parameterized1' (11#1) [c:/100-Working/105-Working-improvement/github_lib/k7_neorv32/k7_dma/k7_dma.gen/sources_1/bd/design_1/ipshared/b752/hdl/generic_baseblocks_v2_1_vl_rfs.v:2452]
INFO: [Synth 8-6155] done synthesizing module 'axi_crossbar_v2_1_25_wdata_mux' (12#1) [c:/100-Working/105-Working-improvement/github_lib/k7_neorv32/k7_dma/k7_dma.gen/sources_1/bd/design_1/ipshared/3917/hdl/axi_crossbar_v2_1_vl_rfs.v:4561]
INFO: [Synth 8-6157] synthesizing module 'axi_register_slice_v2_1_24_axi_register_slice' [c:/100-Working/105-Working-improvement/github_lib/k7_neorv32/k7_dma/k7_dma.gen/sources_1/bd/design_1/ipshared/8f68/hdl/axi_register_slice_v2_1_vl_rfs.v:3726]
INFO: [Synth 8-6157] synthesizing module 'axi_infrastructure_v1_1_0_axi2vector' [c:/100-Working/105-Working-improvement/github_lib/k7_neorv32/k7_dma/k7_dma.gen/sources_1/bd/design_1/ipshared/ec67/hdl/axi_infrastructure_v1_1_vl_rfs.v:60]
INFO: [Synth 8-6155] done synthesizing module 'axi_infrastructure_v1_1_0_axi2vector' (13#1) [c:/100-Working/105-Working-improvement/github_lib/k7_neorv32/k7_dma/k7_dma.gen/sources_1/bd/design_1/ipshared/ec67/hdl/axi_infrastructure_v1_1_vl_rfs.v:60]
INFO: [Synth 8-6157] synthesizing module 'axi_infrastructure_v1_1_0_vector2axi' [c:/100-Working/105-Working-improvement/github_lib/k7_neorv32/k7_dma/k7_dma.gen/sources_1/bd/design_1/ipshared/ec67/hdl/axi_infrastructure_v1_1_vl_rfs.v:474]
INFO: [Synth 8-6155] done synthesizing module 'axi_infrastructure_v1_1_0_vector2axi' (14#1) [c:/100-Working/105-Working-improvement/github_lib/k7_neorv32/k7_dma/k7_dma.gen/sources_1/bd/design_1/ipshared/ec67/hdl/axi_infrastructure_v1_1_vl_rfs.v:474]
INFO: [Synth 8-6157] synthesizing module 'axi_register_slice_v2_1_24_axic_register_slice' [c:/100-Working/105-Working-improvement/github_lib/k7_neorv32/k7_dma/k7_dma.gen/sources_1/bd/design_1/ipshared/8f68/hdl/axi_register_slice_v2_1_vl_rfs.v:1498]
INFO: [Synth 8-6155] done synthesizing module 'axi_register_slice_v2_1_24_axic_register_slice' (15#1) [c:/100-Working/105-Working-improvement/github_lib/k7_neorv32/k7_dma/k7_dma.gen/sources_1/bd/design_1/ipshared/8f68/hdl/axi_register_slice_v2_1_vl_rfs.v:1498]
INFO: [Synth 8-6157] synthesizing module 'axi_register_slice_v2_1_24_axic_register_slice__parameterized0' [c:/100-Working/105-Working-improvement/github_lib/k7_neorv32/k7_dma/k7_dma.gen/sources_1/bd/design_1/ipshared/8f68/hdl/axi_register_slice_v2_1_vl_rfs.v:1498]
INFO: [Synth 8-6155] done synthesizing module 'axi_register_slice_v2_1_24_axic_register_slice__parameterized0' (15#1) [c:/100-Working/105-Working-improvement/github_lib/k7_neorv32/k7_dma/k7_dma.gen/sources_1/bd/design_1/ipshared/8f68/hdl/axi_register_slice_v2_1_vl_rfs.v:1498]
INFO: [Synth 8-6157] synthesizing module 'axi_register_slice_v2_1_24_axic_register_slice__parameterized1' [c:/100-Working/105-Working-improvement/github_lib/k7_neorv32/k7_dma/k7_dma.gen/sources_1/bd/design_1/ipshared/8f68/hdl/axi_register_slice_v2_1_vl_rfs.v:1498]
INFO: [Synth 8-6155] done synthesizing module 'axi_register_slice_v2_1_24_axic_register_slice__parameterized1' (15#1) [c:/100-Working/105-Working-improvement/github_lib/k7_neorv32/k7_dma/k7_dma.gen/sources_1/bd/design_1/ipshared/8f68/hdl/axi_register_slice_v2_1_vl_rfs.v:1498]
INFO: [Synth 8-6157] synthesizing module 'axi_register_slice_v2_1_24_axic_register_slice__parameterized2' [c:/100-Working/105-Working-improvement/github_lib/k7_neorv32/k7_dma/k7_dma.gen/sources_1/bd/design_1/ipshared/8f68/hdl/axi_register_slice_v2_1_vl_rfs.v:1498]
INFO: [Synth 8-6155] done synthesizing module 'axi_register_slice_v2_1_24_axic_register_slice__parameterized2' (15#1) [c:/100-Working/105-Working-improvement/github_lib/k7_neorv32/k7_dma/k7_dma.gen/sources_1/bd/design_1/ipshared/8f68/hdl/axi_register_slice_v2_1_vl_rfs.v:1498]
INFO: [Synth 8-6155] done synthesizing module 'axi_register_slice_v2_1_24_axi_register_slice' (16#1) [c:/100-Working/105-Working-improvement/github_lib/k7_neorv32/k7_dma/k7_dma.gen/sources_1/bd/design_1/ipshared/8f68/hdl/axi_register_slice_v2_1_vl_rfs.v:3726]
WARNING: [Synth 8-7071] port 'aclk2x' of module 'axi_register_slice_v2_1_24_axi_register_slice' is unconnected for instance 'reg_slice_mi' [c:/100-Working/105-Working-improvement/github_lib/k7_neorv32/k7_dma/k7_dma.gen/sources_1/bd/design_1/ipshared/3917/hdl/axi_crossbar_v2_1_vl_rfs.v:3122]
WARNING: [Synth 8-7023] instance 'reg_slice_mi' of module 'axi_register_slice_v2_1_24_axi_register_slice' has 93 connections declared, but only 92 given [c:/100-Working/105-Working-improvement/github_lib/k7_neorv32/k7_dma/k7_dma.gen/sources_1/bd/design_1/ipshared/3917/hdl/axi_crossbar_v2_1_vl_rfs.v:3122]
INFO: [Synth 8-6157] synthesizing module 'axi_data_fifo_v2_1_23_axic_srl_fifo__parameterized1' [c:/100-Working/105-Working-improvement/github_lib/k7_neorv32/k7_dma/k7_dma.gen/sources_1/bd/design_1/ipshared/94ec/hdl/axi_data_fifo_v2_1_vl_rfs.v:698]
INFO: [Synth 8-6155] done synthesizing module 'axi_data_fifo_v2_1_23_axic_srl_fifo__parameterized1' (16#1) [c:/100-Working/105-Working-improvement/github_lib/k7_neorv32/k7_dma/k7_dma.gen/sources_1/bd/design_1/ipshared/94ec/hdl/axi_data_fifo_v2_1_vl_rfs.v:698]
INFO: [Synth 8-6157] synthesizing module 'axi_crossbar_v2_1_25_wdata_mux__parameterized0' [c:/100-Working/105-Working-improvement/github_lib/k7_neorv32/k7_dma/k7_dma.gen/sources_1/bd/design_1/ipshared/3917/hdl/axi_crossbar_v2_1_vl_rfs.v:4561]
INFO: [Synth 8-6157] synthesizing module 'axi_data_fifo_v2_1_23_axic_reg_srl_fifo__parameterized1' [c:/100-Working/105-Working-improvement/github_lib/k7_neorv32/k7_dma/k7_dma.gen/sources_1/bd/design_1/ipshared/94ec/hdl/axi_data_fifo_v2_1_vl_rfs.v:889]
INFO: [Synth 8-155] case statement is not full and has no default [c:/100-Working/105-Working-improvement/github_lib/k7_neorv32/k7_dma/k7_dma.gen/sources_1/bd/design_1/ipshared/94ec/hdl/axi_data_fifo_v2_1_vl_rfs.v:986]
INFO: [Synth 8-6155] done synthesizing module 'axi_data_fifo_v2_1_23_axic_reg_srl_fifo__parameterized1' (16#1) [c:/100-Working/105-Working-improvement/github_lib/k7_neorv32/k7_dma/k7_dma.gen/sources_1/bd/design_1/ipshared/94ec/hdl/axi_data_fifo_v2_1_vl_rfs.v:889]
INFO: [Synth 8-6155] done synthesizing module 'axi_crossbar_v2_1_25_wdata_mux__parameterized0' (16#1) [c:/100-Working/105-Working-improvement/github_lib/k7_neorv32/k7_dma/k7_dma.gen/sources_1/bd/design_1/ipshared/3917/hdl/axi_crossbar_v2_1_vl_rfs.v:4561]
WARNING: [Synth 8-7071] port 'aclk2x' of module 'axi_register_slice_v2_1_24_axi_register_slice' is unconnected for instance 'reg_slice_mi' [c:/100-Working/105-Working-improvement/github_lib/k7_neorv32/k7_dma/k7_dma.gen/sources_1/bd/design_1/ipshared/3917/hdl/axi_crossbar_v2_1_vl_rfs.v:3122]
WARNING: [Synth 8-7023] instance 'reg_slice_mi' of module 'axi_register_slice_v2_1_24_axi_register_slice' has 93 connections declared, but only 92 given [c:/100-Working/105-Working-improvement/github_lib/k7_neorv32/k7_dma/k7_dma.gen/sources_1/bd/design_1/ipshared/3917/hdl/axi_crossbar_v2_1_vl_rfs.v:3122]
INFO: [Synth 8-6157] synthesizing module 'axi_crossbar_v2_1_25_decerr_slave' [c:/100-Working/105-Working-improvement/github_lib/k7_neorv32/k7_dma/k7_dma.gen/sources_1/bd/design_1/ipshared/3917/hdl/axi_crossbar_v2_1_vl_rfs.v:3501]
INFO: [Synth 8-155] case statement is not full and has no default [c:/100-Working/105-Working-improvement/github_lib/k7_neorv32/k7_dma/k7_dma.gen/sources_1/bd/design_1/ipshared/3917/hdl/axi_crossbar_v2_1_vl_rfs.v:3633]
INFO: [Synth 8-6155] done synthesizing module 'axi_crossbar_v2_1_25_decerr_slave' (17#1) [c:/100-Working/105-Working-improvement/github_lib/k7_neorv32/k7_dma/k7_dma.gen/sources_1/bd/design_1/ipshared/3917/hdl/axi_crossbar_v2_1_vl_rfs.v:3501]
INFO: [Synth 8-6157] synthesizing module 'axi_crossbar_v2_1_25_addr_arbiter' [c:/100-Working/105-Working-improvement/github_lib/k7_neorv32/k7_dma/k7_dma.gen/sources_1/bd/design_1/ipshared/3917/hdl/axi_crossbar_v2_1_vl_rfs.v:423]
INFO: [Synth 8-6157] synthesizing module 'generic_baseblocks_v2_1_0_mux_enc__parameterized2' [c:/100-Working/105-Working-improvement/github_lib/k7_neorv32/k7_dma/k7_dma.gen/sources_1/bd/design_1/ipshared/b752/hdl/generic_baseblocks_v2_1_vl_rfs.v:2452]
INFO: [Synth 8-6155] done synthesizing module 'generic_baseblocks_v2_1_0_mux_enc__parameterized2' (17#1) [c:/100-Working/105-Working-improvement/github_lib/k7_neorv32/k7_dma/k7_dma.gen/sources_1/bd/design_1/ipshared/b752/hdl/generic_baseblocks_v2_1_vl_rfs.v:2452]
INFO: [Synth 8-6157] synthesizing module 'generic_baseblocks_v2_1_0_mux_enc__parameterized3' [c:/100-Working/105-Working-improvement/github_lib/k7_neorv32/k7_dma/k7_dma.gen/sources_1/bd/design_1/ipshared/b752/hdl/generic_baseblocks_v2_1_vl_rfs.v:2452]
INFO: [Synth 8-6155] done synthesizing module 'generic_baseblocks_v2_1_0_mux_enc__parameterized3' (17#1) [c:/100-Working/105-Working-improvement/github_lib/k7_neorv32/k7_dma/k7_dma.gen/sources_1/bd/design_1/ipshared/b752/hdl/generic_baseblocks_v2_1_vl_rfs.v:2452]
INFO: [Synth 8-6155] done synthesizing module 'axi_crossbar_v2_1_25_addr_arbiter' (18#1) [c:/100-Working/105-Working-improvement/github_lib/k7_neorv32/k7_dma/k7_dma.gen/sources_1/bd/design_1/ipshared/3917/hdl/axi_crossbar_v2_1_vl_rfs.v:423]
INFO: [Synth 8-6155] done synthesizing module 'axi_crossbar_v2_1_25_crossbar' (19#1) [c:/100-Working/105-Working-improvement/github_lib/k7_neorv32/k7_dma/k7_dma.gen/sources_1/bd/design_1/ipshared/3917/hdl/axi_crossbar_v2_1_vl_rfs.v:2239]
INFO: [Synth 8-6155] done synthesizing module 'axi_crossbar_v2_1_25_axi_crossbar' (20#1) [c:/100-Working/105-Working-improvement/github_lib/k7_neorv32/k7_dma/k7_dma.gen/sources_1/bd/design_1/ipshared/3917/hdl/axi_crossbar_v2_1_vl_rfs.v:4884]
INFO: [Synth 8-6155] done synthesizing module 'design_1_xbar_0' (21#1) [c:/100-Working/105-Working-improvement/github_lib/k7_neorv32/k7_dma/k7_dma.gen/sources_1/bd/design_1/ip/design_1_xbar_0/synth/design_1_xbar_0.v:59]
---------------------------------------------------------------------------------
Finished RTL Elaboration : Time (s): cpu = 00:00:15 ; elapsed = 00:00:18 . Memory (MB): peak = 1301.242 ; gain = 71.539
---------------------------------------------------------------------------------
---------------------------------------------------------------------------------
Start Handling Custom Attributes
---------------------------------------------------------------------------------
---------------------------------------------------------------------------------
Finished Handling Custom Attributes : Time (s): cpu = 00:00:16 ; elapsed = 00:00:19 . Memory (MB): peak = 1301.242 ; gain = 71.539
---------------------------------------------------------------------------------
---------------------------------------------------------------------------------
Finished RTL Optimization Phase 1 : Time (s): cpu = 00:00:16 ; elapsed = 00:00:19 . Memory (MB): peak = 1301.242 ; gain = 71.539
---------------------------------------------------------------------------------
Netlist sorting complete. Time (s): cpu = 00:00:00 ; elapsed = 00:00:00.226 . Memory (MB): peak = 1301.242 ; gain = 0.000
INFO: [Project 1-570] Preparing netlist for logic optimization

Processing XDC Constraints
Initializing timing engine
Parsing XDC File [c:/100-Working/105-Working-improvement/github_lib/k7_neorv32/k7_dma/k7_dma.gen/sources_1/bd/design_1/ip/design_1_xbar_0/design_1_xbar_0_ooc.xdc] for cell 'inst'
Finished Parsing XDC File [c:/100-Working/105-Working-improvement/github_lib/k7_neorv32/k7_dma/k7_dma.gen/sources_1/bd/design_1/ip/design_1_xbar_0/design_1_xbar_0_ooc.xdc] for cell 'inst'
Parsing XDC File [C:/100-Working/105-Working-improvement/github_lib/k7_neorv32/k7_dma/k7_dma.runs/design_1_xbar_0_synth_1/dont_touch.xdc]
Finished Parsing XDC File [C:/100-Working/105-Working-improvement/github_lib/k7_neorv32/k7_dma/k7_dma.runs/design_1_xbar_0_synth_1/dont_touch.xdc]
Completed Processing XDC Constraints

Netlist sorting complete. Time (s): cpu = 00:00:00 ; elapsed = 00:00:00.002 . Memory (MB): peak = 1346.758 ; gain = 0.000
INFO: [Project 1-111] Unisim Transformation Summary:
No Unisim elements were transformed.

Constraint Validation Runtime : Time (s): cpu = 00:00:01 ; elapsed = 00:00:00.194 . Memory (MB): peak = 1357.812 ; gain = 11.055
---------------------------------------------------------------------------------
Finished Constraint Validation : Time (s): cpu = 00:00:26 ; elapsed = 00:00:29 . Memory (MB): peak = 1357.812 ; gain = 128.109
---------------------------------------------------------------------------------
---------------------------------------------------------------------------------
Start Loading Part and Timing Information
---------------------------------------------------------------------------------
Loading part: xc7k325tffg676-2
---------------------------------------------------------------------------------
Finished Loading Part and Timing Information : Time (s): cpu = 00:00:26 ; elapsed = 00:00:29 . Memory (MB): peak = 1357.812 ; gain = 128.109
---------------------------------------------------------------------------------
---------------------------------------------------------------------------------
Start Applying 'set_property' XDC Constraints
---------------------------------------------------------------------------------
Applied set_property KEEP_HIERARCHY = SOFT for inst. (constraint file  C:/100-Working/105-Working-improvement/github_lib/k7_neorv32/k7_dma/k7_dma.runs/design_1_xbar_0_synth_1/dont_touch.xdc, line 9).
---------------------------------------------------------------------------------
Finished applying 'set_property' XDC Constraints : Time (s): cpu = 00:00:26 ; elapsed = 00:00:29 . Memory (MB): peak = 1357.812 ; gain = 128.109
---------------------------------------------------------------------------------
INFO: [Synth 8-802] inferred FSM for state register 'state_reg' in module 'axi_data_fifo_v2_1_23_axic_reg_srl_fifo'
INFO: [Synth 8-802] inferred FSM for state register 'state_reg' in module 'axi_data_fifo_v2_1_23_axic_reg_srl_fifo__parameterized0'
INFO: [Synth 8-802] inferred FSM for state register 'state_reg' in module 'axi_data_fifo_v2_1_23_axic_reg_srl_fifo__parameterized1'
INFO: [Synth 8-802] inferred FSM for state register 'gen_axi.write_cs_reg' in module 'axi_crossbar_v2_1_25_decerr_slave'
---------------------------------------------------------------------------------------------------
                   State |                     New Encoding |                Previous Encoding 
---------------------------------------------------------------------------------------------------
                    ZERO |                             1000 |                               10
                     ONE |                             0010 |                               11
                     TWO |                             0001 |                               01
                  iSTATE |                             0100 |                               00
---------------------------------------------------------------------------------------------------
INFO: [Synth 8-3354] encoded FSM with state register 'state_reg' using encoding 'one-hot' in module 'axi_data_fifo_v2_1_23_axic_reg_srl_fifo'
---------------------------------------------------------------------------------------------------
                   State |                     New Encoding |                Previous Encoding 
---------------------------------------------------------------------------------------------------
                    ZERO |                             1000 |                               10
                     ONE |                             0010 |                               11
                     TWO |                             0001 |                               01
                  iSTATE |                             0100 |                               00
---------------------------------------------------------------------------------------------------
INFO: [Synth 8-3354] encoded FSM with state register 'state_reg' using encoding 'one-hot' in module 'axi_data_fifo_v2_1_23_axic_reg_srl_fifo__parameterized0'
---------------------------------------------------------------------------------------------------
                   State |                     New Encoding |                Previous Encoding 
---------------------------------------------------------------------------------------------------
                    ZERO |                             1000 |                               10
                     ONE |                             0010 |                               11
                     TWO |                             0001 |                               01
                  iSTATE |                             0100 |                               00
---------------------------------------------------------------------------------------------------
INFO: [Synth 8-3354] encoded FSM with state register 'state_reg' using encoding 'one-hot' in module 'axi_data_fifo_v2_1_23_axic_reg_srl_fifo__parameterized1'
---------------------------------------------------------------------------------------------------
                   State |                     New Encoding |                Previous Encoding 
---------------------------------------------------------------------------------------------------
            P_WRITE_IDLE |                              001 |                               00
            P_WRITE_DATA |                              010 |                               01
            P_WRITE_RESP |                              100 |                               10
---------------------------------------------------------------------------------------------------
INFO: [Synth 8-3354] encoded FSM with state register 'gen_axi.write_cs_reg' using encoding 'one-hot' in module 'axi_crossbar_v2_1_25_decerr_slave'
---------------------------------------------------------------------------------
Finished RTL Optimization Phase 2 : Time (s): cpu = 00:00:27 ; elapsed = 00:00:31 . Memory (MB): peak = 1357.812 ; gain = 128.109
---------------------------------------------------------------------------------
---------------------------------------------------------------------------------
Start RTL Component Statistics 
---------------------------------------------------------------------------------
Detailed RTL Component Info : 
+---Adders : 
	   2 Input    8 Bit       Adders := 3     
	   2 Input    4 Bit       Adders := 2     
	   2 Input    3 Bit       Adders := 3     
	   2 Input    2 Bit       Adders := 19    
	   2 Input    1 Bit       Adders := 4     
+---XORs : 
	   2 Input      1 Bit         XORs := 16    
+---Registers : 
	              269 Bit    Registers := 4     
	               73 Bit    Registers := 2     
	               12 Bit    Registers := 2     
	               10 Bit    Registers := 2     
	                8 Bit    Registers := 3     
	                4 Bit    Registers := 8     
	                3 Bit    Registers := 2     
	                2 Bit    Registers := 37    
	                1 Bit    Registers := 65    
+---Muxes : 
	   2 Input  269 Bit        Muxes := 4     
	   2 Input   16 Bit        Muxes := 4     
	   2 Input    8 Bit        Muxes := 1     
	   2 Input    4 Bit        Muxes := 32    
	   3 Input    4 Bit        Muxes := 6     
	   2 Input    3 Bit        Muxes := 1     
	   2 Input    2 Bit        Muxes := 27    
	   2 Input    1 Bit        Muxes := 116   
	   4 Input    1 Bit        Muxes := 18    
	   3 Input    1 Bit        Muxes := 9     
---------------------------------------------------------------------------------
Finished RTL Component Statistics 
---------------------------------------------------------------------------------
---------------------------------------------------------------------------------
Start Part Resource Summary
---------------------------------------------------------------------------------
Part Resources:
DSPs: 840 (col length:140)
BRAMs: 890 (col length: RAMB18 140 RAMB36 70)
---------------------------------------------------------------------------------
Finished Part Resource Summary
---------------------------------------------------------------------------------
---------------------------------------------------------------------------------
Start Cross Boundary and Area Optimization
---------------------------------------------------------------------------------
---------------------------------------------------------------------------------
Finished Cross Boundary and Area Optimization : Time (s): cpu = 00:00:33 ; elapsed = 00:00:37 . Memory (MB): peak = 1357.812 ; gain = 128.109
---------------------------------------------------------------------------------
---------------------------------------------------------------------------------
Start Applying XDC Timing Constraints
---------------------------------------------------------------------------------
---------------------------------------------------------------------------------
Finished Applying XDC Timing Constraints : Time (s): cpu = 00:00:41 ; elapsed = 00:00:45 . Memory (MB): peak = 1357.812 ; gain = 128.109
---------------------------------------------------------------------------------
---------------------------------------------------------------------------------
Start Timing Optimization
---------------------------------------------------------------------------------
---------------------------------------------------------------------------------
Finished Timing Optimization : Time (s): cpu = 00:00:43 ; elapsed = 00:00:47 . Memory (MB): peak = 1357.812 ; gain = 128.109
---------------------------------------------------------------------------------
---------------------------------------------------------------------------------
Start Technology Mapping
---------------------------------------------------------------------------------
---------------------------------------------------------------------------------
Finished Technology Mapping : Time (s): cpu = 00:00:45 ; elapsed = 00:00:49 . Memory (MB): peak = 1357.812 ; gain = 128.109
---------------------------------------------------------------------------------
---------------------------------------------------------------------------------
Start IO Insertion
---------------------------------------------------------------------------------
---------------------------------------------------------------------------------
Start Flattening Before IO Insertion
---------------------------------------------------------------------------------
---------------------------------------------------------------------------------
Finished Flattening Before IO Insertion
---------------------------------------------------------------------------------
---------------------------------------------------------------------------------
Start Final Netlist Cleanup
---------------------------------------------------------------------------------
---------------------------------------------------------------------------------
Finished Final Netlist Cleanup
---------------------------------------------------------------------------------
---------------------------------------------------------------------------------
Finished IO Insertion : Time (s): cpu = 00:00:50 ; elapsed = 00:00:54 . Memory (MB): peak = 1357.812 ; gain = 128.109
---------------------------------------------------------------------------------
---------------------------------------------------------------------------------
Start Renaming Generated Instances
---------------------------------------------------------------------------------
---------------------------------------------------------------------------------
Finished Renaming Generated Instances : Time (s): cpu = 00:00:50 ; elapsed = 00:00:54 . Memory (MB): peak = 1357.812 ; gain = 128.109
---------------------------------------------------------------------------------
---------------------------------------------------------------------------------
Start Rebuilding User Hierarchy
---------------------------------------------------------------------------------
---------------------------------------------------------------------------------
Finished Rebuilding User Hierarchy : Time (s): cpu = 00:00:50 ; elapsed = 00:00:54 . Memory (MB): peak = 1357.812 ; gain = 128.109
---------------------------------------------------------------------------------
---------------------------------------------------------------------------------
Start Renaming Generated Ports
---------------------------------------------------------------------------------
---------------------------------------------------------------------------------
Finished Renaming Generated Ports : Time (s): cpu = 00:00:50 ; elapsed = 00:00:54 . Memory (MB): peak = 1357.812 ; gain = 128.109
---------------------------------------------------------------------------------
---------------------------------------------------------------------------------
Start Handling Custom Attributes
---------------------------------------------------------------------------------
---------------------------------------------------------------------------------
Finished Handling Custom Attributes : Time (s): cpu = 00:00:50 ; elapsed = 00:00:54 . Memory (MB): peak = 1357.812 ; gain = 128.109
---------------------------------------------------------------------------------
---------------------------------------------------------------------------------
Start Renaming Generated Nets
---------------------------------------------------------------------------------
---------------------------------------------------------------------------------
Finished Renaming Generated Nets : Time (s): cpu = 00:00:50 ; elapsed = 00:00:54 . Memory (MB): peak = 1357.812 ; gain = 128.109
---------------------------------------------------------------------------------
---------------------------------------------------------------------------------
Start Writing Synthesis Report
---------------------------------------------------------------------------------

Report BlackBoxes: 
+-+--------------+----------+
| |BlackBox name |Instances |
+-+--------------+----------+
+-+--------------+----------+

Report Cell Usage: 
+------+--------+------+
|      |Cell    |Count |
+------+--------+------+
|1     |LUT1    |     5|
|2     |LUT2    |   541|
|3     |LUT3    |   957|
|4     |LUT4    |    69|
|5     |LUT5    |    46|
|6     |LUT6    |   565|
|7     |SRLC32E |     8|
|8     |FDRE    |   882|
|9     |FDSE    |    25|
+------+--------+------+
---------------------------------------------------------------------------------
Finished Writing Synthesis Report : Time (s): cpu = 00:00:50 ; elapsed = 00:00:54 . Memory (MB): peak = 1357.812 ; gain = 128.109
---------------------------------------------------------------------------------
Synthesis finished with 0 errors, 0 critical warnings and 0 warnings.
Synthesis Optimization Runtime : Time (s): cpu = 00:00:30 ; elapsed = 00:00:50 . Memory (MB): peak = 1357.812 ; gain = 71.539
Synthesis Optimization Complete : Time (s): cpu = 00:00:51 ; elapsed = 00:00:55 . Memory (MB): peak = 1357.812 ; gain = 128.109
INFO: [Project 1-571] Translating synthesized netlist
Netlist sorting complete. Time (s): cpu = 00:00:00 ; elapsed = 00:00:00.115 . Memory (MB): peak = 1357.812 ; gain = 0.000
INFO: [Project 1-570] Preparing netlist for logic optimization
INFO: [Opt 31-138] Pushed 0 inverter(s) to 0 load pin(s).
Netlist sorting complete. Time (s): cpu = 00:00:00 ; elapsed = 00:00:00.001 . Memory (MB): peak = 1358.340 ; gain = 0.000
INFO: [Project 1-111] Unisim Transformation Summary:
No Unisim elements were transformed.

Synth Design complete, checksum: d84d35ba
INFO: [Common 17-83] Releasing license: Synthesis
119 Infos, 5 Warnings, 0 Critical Warnings and 0 Errors encountered.
synth_design completed successfully
synth_design: Time (s): cpu = 00:01:04 ; elapsed = 00:01:10 . Memory (MB): peak = 1358.340 ; gain = 128.637
INFO: [Common 17-1381] The checkpoint 'C:/100-Working/105-Working-improvement/github_lib/k7_neorv32/k7_dma/k7_dma.runs/design_1_xbar_0_synth_1/design_1_xbar_0.dcp' has been generated.
INFO: [Coretcl 2-1648] Added synthesis output to IP cache for IP design_1_xbar_0, cache-ID = c44604d3d3e7ea2d
INFO: [Coretcl 2-1174] Renamed 47 cell refs.
INFO: [Common 17-1381] The checkpoint 'C:/100-Working/105-Working-improvement/github_lib/k7_neorv32/k7_dma/k7_dma.runs/design_1_xbar_0_synth_1/design_1_xbar_0.dcp' has been generated.
INFO: [runtcl-4] Executing : report_utilization -file design_1_xbar_0_utilization_synth.rpt -pb design_1_xbar_0_utilization_synth.pb
INFO: [Common 17-206] Exiting Vivado at Tue Aug 12 19:00:36 2025...
