#-----------------------------------------------------------
# Vivado v2019.2 (64-bit)
# SW Build 2708876 on Wed Nov  6 21:40:23 MST 2019
# IP Build 2700528 on Thu Nov  7 00:09:20 MST 2019
# Start of session at: Wed May 13 10:55:08 2020
# Process ID: 15112
# Current directory: D:/Boards/KU040/CH04_FDMA_5640/CH04_FDMA_5640/uisrc/03_ip/uiov5640cfg/project_1
# Command line: vivado.exe -gui_launcher_event rodinguilauncherevent6280 D:\Boards\KU040\CH04_FDMA_5640\CH04_FDMA_5640\uisrc\03_ip\uiov5640cfg\project_1\project_1.xpr
# Log file: D:/Boards/KU040/CH04_FDMA_5640/CH04_FDMA_5640/uisrc/03_ip/uiov5640cfg/project_1/vivado.log
# Journal file: D:/Boards/KU040/CH04_FDMA_5640/CH04_FDMA_5640/uisrc/03_ip/uiov5640cfg/project_1\vivado.jou
#-----------------------------------------------------------
start_gui
open_project D:/Boards/KU040/CH04_FDMA_5640/CH04_FDMA_5640/uisrc/03_ip/uiov5640cfg/project_1/project_1.xpr
INFO: [Project 1-313] Project file moved from 'M:/ZU03A/zu_dp_fmda_video_vitis/zu_prj/uisrc/03_ip/uiov5640cfg/project_1' since last save.
CRITICAL WARNING: [Project 1-311] Could not find the file 'D:/Boards/zu03a/zu_dp_fmda_video_vitis/zu_prj/uisrc/03_ip/uiov5640cfg/component.xml', nor could it be found using path 'M:/zu03a/zu_dp_fmda_video_vitis/zu_prj/uisrc/03_ip/uiov5640cfg/component.xml'.
Scanning sources...
Finished scanning sources
WARNING: [filemgmt 56-2] IP Repository Path: Could not find the directory 'D:/Boards/zu03a/zu_dp_fmda_video_vitis/zu_prj/uisrc/03_ip/uiov5640cfg', nor could it be found using path 'M:/zu03a/zu_dp_fmda_video_vitis/zu_prj/uisrc/03_ip/uiov5640cfg'.
INFO: [IP_Flow 19-234] Refreshing IP repositories
WARNING: [IP_Flow 19-2248] Failed to load user IP repository 'd:/Boards/zu03a/zu_dp_fmda_video_vitis/zu_prj/uisrc/03_ip/uiov5640cfg'; Can't find the specified path.
If this directory should no longer be in your list of user repositories, go to the IP Settings dialog and remove it.
INFO: [IP_Flow 19-2313] Loaded Vivado IP repository 'C:/Xilinx/Vivado/2019.2/data/ip'.
open_project: Time (s): cpu = 00:00:08 ; elapsed = 00:00:05 . Memory (MB): peak = 883.848 ; gain = 216.773
update_compile_order -fileset sources_1
export_ip_user_files -of_objects  [get_files D:/Boards/zu03a/zu_dp_fmda_video_vitis/zu_prj/uisrc/03_ip/uiov5640cfg/component.xml] -no_script -reset -force -quiet
remove_files  D:/Boards/zu03a/zu_dp_fmda_video_vitis/zu_prj/uisrc/03_ip/uiov5640cfg/component.xml
ipx::package_project -root_dir d:/boards/ku040/ch04_fdma_5640/ch04_fdma_5640/uisrc/03_ip/uiov5640cfg -vendor xilinx.com -library user -taxonomy /UserIP -force
INFO: [IP_Flow 19-5107] Inferred bus interface 'rst_n' of definition 'xilinx.com:signal:reset:1.0' (from Xilinx Repository).
INFO: [IP_Flow 19-4728] Bus Interface 'rst_n': Added interface parameter 'POLARITY' with value 'ACTIVE_LOW'.
WARNING: [IP_Flow 19-3157] Bus Interface 'rst_n': Bus parameter POLARITY is ACTIVE_LOW but port 'rst_n' is not *resetn - please double check the POLARITY setting.
INFO: [IP_Flow 19-2181] Payment Required is not set for this core.
INFO: [IP_Flow 19-2187] The Product Guide file is missing.
set_property widget {textEdit} [ipgui::get_guiparamspec -name "CLK_DIV" -component [ipx::current_core] ]
set_property value 499 [ipx::get_user_parameters CLK_DIV -of_objects [ipx::current_core]]
set_property value 499 [ipx::get_hdl_parameters CLK_DIV -of_objects [ipx::current_core]]
set_property value_format long [ipx::get_user_parameters CLK_DIV -of_objects [ipx::current_core]]
set_property value_format long [ipx::get_hdl_parameters CLK_DIV -of_objects [ipx::current_core]]
set_property value_bit_string_length 0 [ipx::get_user_parameters CLK_DIV -of_objects [ipx::current_core]]
set_property core_revision 2 [ipx::current_core]
ipx::create_xgui_files [ipx::current_core]
ipx::update_checksums [ipx::current_core]
ipx::save_core [ipx::current_core]
set_property  ip_repo_paths  {d:/boards/ku040/ch04_fdma_5640/ch04_fdma_5640/uisrc/03_ip/uiov5640cfg d:/Boards/zu03a/zu_dp_fmda_video_vitis/zu_prj/uisrc/03_ip/uiov5640cfg} [current_project]
update_ip_catalog
INFO: [IP_Flow 19-234] Refreshing IP repositories
INFO: [IP_Flow 19-1700] Loaded user IP repository 'd:/boards/ku040/ch04_fdma_5640/ch04_fdma_5640/uisrc/03_ip/uiov5640cfg'.
WARNING: [IP_Flow 19-2248] Failed to load user IP repository 'd:/Boards/zu03a/zu_dp_fmda_video_vitis/zu_prj/uisrc/03_ip/uiov5640cfg'; Can't find the specified path.
If this directory should no longer be in your list of user repositories, go to the IP Settings dialog and remove it.
