#-----------------------------------------------------------
# Vivado v2020.2 (64-bit)
# SW Build 3064766 on Wed Nov 18 09:12:45 MST 2020
# IP Build 3064653 on Wed Nov 18 14:17:31 MST 2020
# Start of session at: Tue Jan 26 10:26:57 2021
# Process ID: 46548
# Current directory: G:/ZU07A-4GB/01_soc_base_7eg/40dp_for/02_dp_vdma_test/02_5640_vmda_dp_720p/zu_prj/uisrc/03_ip/uiSensorRGB565/project_1
# Command line: vivado.exe -gui_launcher_event rodinguilauncherevent48004 G:\ZU07A-4GB\01_soc_base_7eg\40dp_for\02_dp_vdma_test\02_5640_vmda_dp_720p\zu_prj\uisrc\03_ip\uiSensorRGB565\project_1\project_1.xpr
# Log file: G:/ZU07A-4GB/01_soc_base_7eg/40dp_for/02_dp_vdma_test/02_5640_vmda_dp_720p/zu_prj/uisrc/03_ip/uiSensorRGB565/project_1/vivado.log
# Journal file: G:/ZU07A-4GB/01_soc_base_7eg/40dp_for/02_dp_vdma_test/02_5640_vmda_dp_720p/zu_prj/uisrc/03_ip/uiSensorRGB565/project_1\vivado.jou
#-----------------------------------------------------------
start_gui
open_project G:/ZU07A-4GB/01_soc_base_7eg/40dp_for/02_dp_vdma_test/02_5640_vmda_dp_720p/zu_prj/uisrc/03_ip/uiSensorRGB565/project_1/project_1.xpr
INFO: [ProjectBase 1-489] The host OS only allows 260 characters in a normal path. The project is stored in a path with more than 80 characters. If you experience issues with IP, Block Designs, or files not being found, please consider moving the project to a location with a shorter path. Alternately consider using the OS subst command to map part of the path to a drive letter.
Current project path is 'G:/ZU07A-4GB/01_soc_base_7eg/40dp_for/02_dp_vdma_test/02_5640_vmda_dp_720p/zu_prj/uisrc/03_ip/uiSensorRGB565/project_1'
Scanning sources...
Finished scanning sources
INFO: [IP_Flow 19-234] Refreshing IP repositories
INFO: [IP_Flow 19-1700] Loaded user IP repository 'g:/zu07a-4gb/01_soc_base_7eg/40dp_for/02_dp_vdma_test/02_5640_vmda_dp_720p/zu_prj/uisrc/03_ip/uisensorrgb565'.
INFO: [IP_Flow 19-1700] Loaded user IP repository 'g:/ch04_fdma_5640/zu_prj/uisrc/03_ip/uisensorrgb565'.
INFO: [IP_Flow 19-2313] Loaded Vivado IP repository 'D:/Xilinx/Vivado/2020.2/data/ip'.
WARNING: [IP_Flow 19-1663] Duplicate IP found for 'xilinx.com:user:uiSensorRGB565:1.0'. The one found in IP location 'g:/ch04_fdma_5640/zu_prj/uisrc/03_ip/uisensorrgb565' will take precedence over the same IP in location g:/zu07a-4gb/01_soc_base_7eg/40dp_for/02_dp_vdma_test/02_5640_vmda_dp_720p/zu_prj/uisrc/03_ip/uisensorrgb565
open_project: Time (s): cpu = 00:00:10 ; elapsed = 00:00:06 . Memory (MB): peak = 1111.945 ; gain = 0.000
update_compile_order -fileset sources_1
update_compile_order -fileset sources_1
update_compile_order -fileset sources_1
ipx::open_ipxact_file {G:\zu07a-4gb\01_soc_base_7eg\40dp_for\02_dp_vdma_test\02_5640_vmda_dp_720p\zu_prj\uisrc\03_ip\uisensorrgb565\component.xml}
WARNING: [IP_Flow 19-5226] Project source file 'g:/zu07a-4gb/01_soc_base_7eg/40dp_for/02_dp_vdma_test/02_5640_vmda_dp_720p/zu_prj/uisrc/03_ip/uisensorrgb565/component.xml' ignored by IP packager.
WARNING: [IP_Flow 19-3898] File Group 'xilinx_anylanguagesynthesis (Synthesis)': File 'g:/zu07a-4gb/01_soc_base_7eg/40dp_for/02_dp_vdma_test/02_5640_vmda_dp_720p/zu_prj/uisrc/03_ip/uisensorrgb565/uiSensorRGB565.v' is not found in the project sources. It will be removed from the packaged IP when the sources are merged. If still required, please add this file to the project and re-package.
WARNING: [IP_Flow 19-3898] File Group 'xilinx_anylanguagebehavioralsimulation (Simulation)': File 'g:/zu07a-4gb/01_soc_base_7eg/40dp_for/02_dp_vdma_test/02_5640_vmda_dp_720p/zu_prj/uisrc/03_ip/uisensorrgb565/uiSensorRGB565.v' is not found in the project sources. It will be removed from the packaged IP when the sources are merged. If still required, please add this file to the project and re-package.
set_property core_revision 3 [ipx::current_core]
ipx::create_xgui_files [ipx::current_core]
ipx::update_checksums [ipx::current_core]
ipx::check_integrity [ipx::current_core]
WARNING: [IP_Flow 19-5661] Bus Interface 'cmos_clk_i' does not have any bus interfaces associated with it.
WARNING: [IP_Flow 19-5661] Bus Interface 'cmos_pclk_i' does not have any bus interfaces associated with it.
WARNING: [IP_Flow 19-5661] Bus Interface 'cmos_xclk_o' does not have any bus interfaces associated with it.
WARNING: [IP_Flow 19-4751] Bus Interface 'cmos_xclk_o': FREQ_HZ bus parameter is missing for output clock interface.
INFO: [IP_Flow 19-2181] Payment Required is not set for this core.
INFO: [IP_Flow 19-2187] The Product Guide file is missing.
INFO: [Ipptcl 7-1486] check_integrity: Integrity check passed.
ipx::save_core [ipx::current_core]
update_ip_catalog -rebuild -repo_path g:/zu07a-4gb/01_soc_base_7eg/40dp_for/02_dp_vdma_test/02_5640_vmda_dp_720p/zu_prj/uisrc/03_ip/uisensorrgb565
INFO: [IP_Flow 19-725] Reloaded user IP repository 'g:/zu07a-4gb/01_soc_base_7eg/40dp_for/02_dp_vdma_test/02_5640_vmda_dp_720p/zu_prj/uisrc/03_ip/uisensorrgb565'
WARNING: [IP_Flow 19-1663] Duplicate IP found for 'xilinx.com:user:uiSensorRGB565:1.0'. The one found in IP location 'g:/ch04_fdma_5640/zu_prj/uisrc/03_ip/uisensorrgb565' will take precedence over the same IP in location g:/zu07a-4gb/01_soc_base_7eg/40dp_for/02_dp_vdma_test/02_5640_vmda_dp_720p/zu_prj/uisrc/03_ip/uisensorrgb565
set_property core_revision 4 [ipx::current_core]
ipx::create_xgui_files [ipx::current_core]
ipx::update_checksums [ipx::current_core]
ipx::check_integrity [ipx::current_core]
WARNING: [IP_Flow 19-5661] Bus Interface 'cmos_clk_i' does not have any bus interfaces associated with it.
WARNING: [IP_Flow 19-5661] Bus Interface 'cmos_pclk_i' does not have any bus interfaces associated with it.
WARNING: [IP_Flow 19-5661] Bus Interface 'cmos_xclk_o' does not have any bus interfaces associated with it.
WARNING: [IP_Flow 19-4751] Bus Interface 'cmos_xclk_o': FREQ_HZ bus parameter is missing for output clock interface.
INFO: [IP_Flow 19-2181] Payment Required is not set for this core.
INFO: [IP_Flow 19-2187] The Product Guide file is missing.
INFO: [Ipptcl 7-1486] check_integrity: Integrity check passed.
ipx::save_core [ipx::current_core]
update_ip_catalog -rebuild -repo_path g:/zu07a-4gb/01_soc_base_7eg/40dp_for/02_dp_vdma_test/02_5640_vmda_dp_720p/zu_prj/uisrc/03_ip/uisensorrgb565
INFO: [IP_Flow 19-725] Reloaded user IP repository 'g:/zu07a-4gb/01_soc_base_7eg/40dp_for/02_dp_vdma_test/02_5640_vmda_dp_720p/zu_prj/uisrc/03_ip/uisensorrgb565'
WARNING: [IP_Flow 19-1663] Duplicate IP found for 'xilinx.com:user:uiSensorRGB565:1.0'. The one found in IP location 'g:/ch04_fdma_5640/zu_prj/uisrc/03_ip/uisensorrgb565' will take precedence over the same IP in location g:/zu07a-4gb/01_soc_base_7eg/40dp_for/02_dp_vdma_test/02_5640_vmda_dp_720p/zu_prj/uisrc/03_ip/uisensorrgb565
set_property core_revision 5 [ipx::current_core]
ipx::create_xgui_files [ipx::current_core]
ipx::update_checksums [ipx::current_core]
ipx::check_integrity [ipx::current_core]
WARNING: [IP_Flow 19-5661] Bus Interface 'cmos_clk_i' does not have any bus interfaces associated with it.
WARNING: [IP_Flow 19-5661] Bus Interface 'cmos_pclk_i' does not have any bus interfaces associated with it.
WARNING: [IP_Flow 19-5661] Bus Interface 'cmos_xclk_o' does not have any bus interfaces associated with it.
WARNING: [IP_Flow 19-4751] Bus Interface 'cmos_xclk_o': FREQ_HZ bus parameter is missing for output clock interface.
INFO: [IP_Flow 19-2181] Payment Required is not set for this core.
INFO: [IP_Flow 19-2187] The Product Guide file is missing.
INFO: [Ipptcl 7-1486] check_integrity: Integrity check passed.
ipx::save_core [ipx::current_core]
update_ip_catalog -rebuild -repo_path g:/zu07a-4gb/01_soc_base_7eg/40dp_for/02_dp_vdma_test/02_5640_vmda_dp_720p/zu_prj/uisrc/03_ip/uisensorrgb565
INFO: [IP_Flow 19-725] Reloaded user IP repository 'g:/zu07a-4gb/01_soc_base_7eg/40dp_for/02_dp_vdma_test/02_5640_vmda_dp_720p/zu_prj/uisrc/03_ip/uisensorrgb565'
WARNING: [IP_Flow 19-1663] Duplicate IP found for 'xilinx.com:user:uiSensorRGB565:1.0'. The one found in IP location 'g:/ch04_fdma_5640/zu_prj/uisrc/03_ip/uisensorrgb565' will take precedence over the same IP in location g:/zu07a-4gb/01_soc_base_7eg/40dp_for/02_dp_vdma_test/02_5640_vmda_dp_720p/zu_prj/uisrc/03_ip/uisensorrgb565
exit
INFO: [Common 17-206] Exiting Vivado at Tue Jan 26 21:19:52 2021...
